zpa-logger: 2024/05/31 15:21:04 logger.go:36: [TRACE] Getting access token for ZPA_CLIENT_ID=MTQ0MTI0OTgwNjAxMzI2MjU5LTY0ZGZiMWZhLTlkMmItNDU4Yy04NmE1LWEzYjdmZGI3NjNhMw==
zpa-logger: 2024/05/31 15:21:04 logger.go:36: [DEBUG] POST https://config.qa.zpath.net/signin
zpa-logger: 2024/05/31 15:21:04 logger.go:36: [DEBUG] Request "POST https://config.qa.zpath.net/mgmtconfig/v1/admin/customers/144124980601290752/microtenants" details:
---[ ZSCALER SDK REQUEST | ID:6b2ac46d-527c-466f-b934-d7dc5b503fb5 ]-------------------------------
POST /mgmtconfig/v1/admin/customers/144124980601290752/microtenants HTTP/1.1
Host: config.qa.zpath.net
User-Agent: zscaler-sdk-go
Content-Length: 175
Authorization: Bearer eyJraWQiOiIybzhxRXNrUzB4MkZndUs3U0tIN1gyYV9uWGtub1ZCNEpGdFdNQjZ1ZFlJIiwiYWxnIjoiUlMyNTYifQ.eyJzdWIiOiJNVFEwTVRJME9UZ3dOakF4TXpJMk1qVTVMVFkwWkdaaU1XWmhMVGxrTW1JdE5EVTRZeTA0Tm1FMUxXRXpZamRtWkdJM05qTmhNdz09IiwiYXVkIjoiaHR0cHM6XC9cL2F1dGh6MS5xYS56cGF0aC5uZXQiLCJyZXN0cmljdGVkUm9sZSI6ZmFsc2UsInJvbGVJZCI6MjgsImN1c3RJZCI6IjE0NDEyNDk4MDYwMTI5MDc1MiIsImlzcyI6Imh0dHBzOlwvXC9hdXRobjEucWEuenBhdGgubmV0IiwidHlwZSI6IkNMSUVOVF9DUkVERU5USUFMUyIsImV4cCI6MTcxNzE5NzY2NSwiaWF0IjoxNzE3MTk0MDY1LCJqdGkiOiJ3MnRiemszemVtbjNpbmZ0YzFrc2VlNHEifQ.MPvBwETY-YdbM5kTXmVs-ZXu5t6Ngy3GGKiNmO3dIIIT3w2I1X_zmR_Cp2PGq1jsmsS4WA0fWUQ89V0yvZQ0pPM5GrHwjaSrAC64Je9CMXSEoZCHffDc9azYBiGlbWCBCYtqeLA0Gg01PhhzjqqWESEpfk0RcaFI_o5vKM__dO_mavgqL7wepLZDTnwt-13wocS8MbWCfN4kzqO5ZSlid93SMI0zVmNr-lluuse6okP_6Q_aDI87Fu-5D9Z70PxEKYPqWD9m9DWXNtpWFeNXCFg7_cGyXgo2maSp_BdGQcgIpHfa44cx7DMf334P7Jy2wh431e1-A7VRJ3OxnFkEFQ
Content-Type: application/json
Accept-Encoding: gzip

{"name":"tests-lcammbqpec","description":"tests-lcammbqpec","enabled":true,"criteriaAttribute":"AuthDomain","criteriaAttributeValues":["144124980601290752.zpa-customer.com"]}

---------------------------------------------------------
zpa-logger: 2024/05/31 15:21:04 logger.go:36: [DEBUG] POST https://config.qa.zpath.net/mgmtconfig/v1/admin/customers/144124980601290752/microtenants
zpa-logger: 2024/05/31 15:21:05 logger.go:36: [DEBUG] Response "POST https://config.qa.zpath.net/mgmtconfig/v1/admin/customers/144124980601290752/microtenants" details:
---[ ZSCALER SDK RESPONSE | ID:6b2ac46d-527c-466f-b934-d7dc5b503fb5 | Duration:136.682625ms ]--------------------------------
HTTP/2.0 201 Created
Connection: close
Cache-Control: no-store
Content-Security-Policy: default-src 'none'; upgrade-insecure-requests
Content-Type: application/json;charset=utf-8
Date: Fri, 31 May 2024 22:21:05 GMT
Expires: Thu, 01 Jan 1970 00:00:00 GMT
Pragma: no-cache
Referrer-Policy: strict-origin-when-cross-origin
Set-Cookie: AWSALB=rS4XmRBZfxRvaHoARSXVZm7UWq/KnD4DxJ6rF5wWRSLIjA1PRcAag65cuiT8kPlthQ22f/xJb4u+HSwGg7IYSUzCrq6Ej4ZJG6crtASxeBK8CkAsR1po0BbBDH0o; Expires=Fri, 07 Jun 2024 22:21:05 GMT; Path=/
Set-Cookie: AWSALBCORS=rS4XmRBZfxRvaHoARSXVZm7UWq/KnD4DxJ6rF5wWRSLIjA1PRcAag65cuiT8kPlthQ22f/xJb4u+HSwGg7IYSUzCrq6Ej4ZJG6crtASxeBK8CkAsR1po0BbBDH0o; Expires=Fri, 07 Jun 2024 22:21:05 GMT; Path=/; SameSite=None; Secure
Set-Cookie: AWSALB=UwWQzbXZgTJztCQkQkhvxok566D31hTT/Rzz+6+F3ja7Nyfn30AxxF51797hEHPuYdfMtshbH2CP9H8l4DJ/FoBGa2jZ12fJuG4XJwxLSZcXujCSKlydgekq7jTC; Expires=Fri, 07 Jun 2024 22:21:05 GMT; Path=/, AWSALBCORS=UwWQzbXZgTJztCQkQkhvxok566D31hTT/Rzz+6+F3ja7Nyfn30AxxF51797hEHPuYdfMtshbH2CP9H8l4DJ/FoBGa2jZ12fJuG4XJwxLSZcXujCSKlydgekq7jTC; Expires=Fri, 07 Jun 2024 22:21:05 GMT; Path=/; SameSite=None; Secure, JSESSIONIDCORS=node0163ygjsetdxanai78z2yxqv7f24039.node0; Path=/; Secure; HttpOnly; SameSite=Lax
Strict-Transport-Security: max-age=63072000; includeSubDomains; preload
Vary: Origin
Vary: Access-Control-Request-Method
Vary: Access-Control-Request-Headers
X-Content-Type-Options: nosniff
X-Frame-Options: DENY
X-Xss-Protection: 0

{"id":"144124980601444168","modifiedTime":"1717194065","creationTime":"1717194065","modifiedBy":"144124980601326259","name":"tests-lcammbqpec","description":"tests-lcammbqpec","enabled":true,"operator":"OR","criteriaAttribute":"AuthDomain","criteriaAttributeValues":["144124980601290752.zpa-customer.com"],"user":{"id":"144124980601444169","username":"mtadmin_144124980601444168@144124980601290752.zpa-customer.com","displayName":"Zscaler Private Access Scope Administrator","email":"mtAdmin_144124980601444168@144124980601290752.zpa-customer.com","password":"<#!I4X*U","roleId":"12","forcePwdChange":true,"localLoginDisabled":false,"pinSession":true,"isLocked":false,"syncVersion":"0","deliveryTag":"0","oneIdentityUser":false,"microtenantId":"144124980601444168"}}
-------------------------------------------------------
zpa-logger: 2024/05/31 15:21:05 logger.go:36: [DEBUG] Request "GET https://config.qa.zpath.net/mgmtconfig/v1/admin/customers/144124980601290752/microtenants/144124980601444168" details:
---[ ZSCALER SDK REQUEST | ID:ec2ad5c5-d794-4f31-afaf-7ffe5856f645 ]-------------------------------
GET /mgmtconfig/v1/admin/customers/144124980601290752/microtenants/144124980601444168 HTTP/1.1
Host: config.qa.zpath.net
User-Agent: zscaler-sdk-go
Authorization: Bearer eyJraWQiOiIybzhxRXNrUzB4MkZndUs3U0tIN1gyYV9uWGtub1ZCNEpGdFdNQjZ1ZFlJIiwiYWxnIjoiUlMyNTYifQ.eyJzdWIiOiJNVFEwTVRJME9UZ3dOakF4TXpJMk1qVTVMVFkwWkdaaU1XWmhMVGxrTW1JdE5EVTRZeTA0Tm1FMUxXRXpZamRtWkdJM05qTmhNdz09IiwiYXVkIjoiaHR0cHM6XC9cL2F1dGh6MS5xYS56cGF0aC5uZXQiLCJyZXN0cmljdGVkUm9sZSI6ZmFsc2UsInJvbGVJZCI6MjgsImN1c3RJZCI6IjE0NDEyNDk4MDYwMTI5MDc1MiIsImlzcyI6Imh0dHBzOlwvXC9hdXRobjEucWEuenBhdGgubmV0IiwidHlwZSI6IkNMSUVOVF9DUkVERU5USUFMUyIsImV4cCI6MTcxNzE5NzY2NSwiaWF0IjoxNzE3MTk0MDY1LCJqdGkiOiJ3MnRiemszemVtbjNpbmZ0YzFrc2VlNHEifQ.MPvBwETY-YdbM5kTXmVs-ZXu5t6Ngy3GGKiNmO3dIIIT3w2I1X_zmR_Cp2PGq1jsmsS4WA0fWUQ89V0yvZQ0pPM5GrHwjaSrAC64Je9CMXSEoZCHffDc9azYBiGlbWCBCYtqeLA0Gg01PhhzjqqWESEpfk0RcaFI_o5vKM__dO_mavgqL7wepLZDTnwt-13wocS8MbWCfN4kzqO5ZSlid93SMI0zVmNr-lluuse6okP_6Q_aDI87Fu-5D9Z70PxEKYPqWD9m9DWXNtpWFeNXCFg7_cGyXgo2maSp_BdGQcgIpHfa44cx7DMf334P7Jy2wh431e1-A7VRJ3OxnFkEFQ
Content-Type: application/json
Accept-Encoding: gzip


---------------------------------------------------------
zpa-logger: 2024/05/31 15:21:05 logger.go:36: [DEBUG] GET https://config.qa.zpath.net/mgmtconfig/v1/admin/customers/144124980601290752/microtenants/144124980601444168
zpa-logger: 2024/05/31 15:21:05 logger.go:36: [DEBUG] Response "GET https://config.qa.zpath.net/mgmtconfig/v1/admin/customers/144124980601290752/microtenants/144124980601444168" details:
---[ ZSCALER SDK RESPONSE | ID:ec2ad5c5-d794-4f31-afaf-7ffe5856f645 | Duration:71.24625ms ]--------------------------------
HTTP/2.0 200 OK
Connection: close
Cache-Control: no-store
Content-Security-Policy: default-src 'none'; upgrade-insecure-requests
Content-Type: application/json;charset=utf-8
Date: Fri, 31 May 2024 22:21:05 GMT
Expires: Thu, 01 Jan 1970 00:00:00 GMT
Pragma: no-cache
Referrer-Policy: strict-origin-when-cross-origin
Set-Cookie: AWSALB=ybk9sPrT9bwyI7QpFzZjOL82EkmI0nmeG4sf6Qj8DvqJM6PNQR4anx4Wv8uS/SDiji1V9oKQ4v4xSABhYGmV6/ZnbSRsHYjjrijzC1/+E2CUGp8+cJyf8J0QpEFO; Expires=Fri, 07 Jun 2024 22:21:05 GMT; Path=/
Set-Cookie: AWSALBCORS=ybk9sPrT9bwyI7QpFzZjOL82EkmI0nmeG4sf6Qj8DvqJM6PNQR4anx4Wv8uS/SDiji1V9oKQ4v4xSABhYGmV6/ZnbSRsHYjjrijzC1/+E2CUGp8+cJyf8J0QpEFO; Expires=Fri, 07 Jun 2024 22:21:05 GMT; Path=/; SameSite=None; Secure
Set-Cookie: AWSALB=KsA2EvMEI3+gPpFRPl1BtXDHYanuRJK1T8OSYyHcoJG0GngNsuH7eZ6wisns7YFYkjfZiG4sjtH1apL8YaoqjbtNsXigzSGhmxQjJZyNPq91nol/vXkes2BwBvt+; Expires=Fri, 07 Jun 2024 22:21:05 GMT; Path=/, AWSALBCORS=KsA2EvMEI3+gPpFRPl1BtXDHYanuRJK1T8OSYyHcoJG0GngNsuH7eZ6wisns7YFYkjfZiG4sjtH1apL8YaoqjbtNsXigzSGhmxQjJZyNPq91nol/vXkes2BwBvt+; Expires=Fri, 07 Jun 2024 22:21:05 GMT; Path=/; SameSite=None; Secure, JSESSIONIDCORS=node013y3uvarnpan41rbhqs6ezrx4r24040.node0; Path=/; Secure; HttpOnly; SameSite=Lax
Strict-Transport-Security: max-age=63072000; includeSubDomains; preload
Vary: Origin
Vary: Access-Control-Request-Method
Vary: Access-Control-Request-Headers
X-Content-Type-Options: nosniff
X-Frame-Options: DENY
X-Xss-Protection: 0

{"id":"144124980601444168","modifiedTime":"1717194065","creationTime":"1717194065","modifiedBy":"144124980601326259","name":"tests-lcammbqpec","description":"tests-lcammbqpec","enabled":true,"operator":"OR","criteriaAttribute":"AuthDomain","criteriaAttributeValues":["144124980601290752.zpa-customer.com"]}
-------------------------------------------------------
zpa-logger: 2024/05/31 15:21:05 logger.go:36: [DEBUG] Request "PUT https://config.qa.zpath.net/mgmtconfig/v1/admin/customers/144124980601290752/microtenants/144124980601444168" details:
---[ ZSCALER SDK REQUEST | ID:9f137564-bdc8-4fcf-b321-043f6c3810ca ]-------------------------------
PUT /mgmtconfig/v1/admin/customers/144124980601290752/microtenants/144124980601444168 HTTP/1.1
Host: config.qa.zpath.net
User-Agent: zscaler-sdk-go
Content-Length: 704
Authorization: Bearer eyJraWQiOiIybzhxRXNrUzB4MkZndUs3U0tIN1gyYV9uWGtub1ZCNEpGdFdNQjZ1ZFlJIiwiYWxnIjoiUlMyNTYifQ.eyJzdWIiOiJNVFEwTVRJME9UZ3dOakF4TXpJMk1qVTVMVFkwWkdaaU1XWmhMVGxrTW1JdE5EVTRZeTA0Tm1FMUxXRXpZamRtWkdJM05qTmhNdz09IiwiYXVkIjoiaHR0cHM6XC9cL2F1dGh6MS5xYS56cGF0aC5uZXQiLCJyZXN0cmljdGVkUm9sZSI6ZmFsc2UsInJvbGVJZCI6MjgsImN1c3RJZCI6IjE0NDEyNDk4MDYwMTI5MDc1MiIsImlzcyI6Imh0dHBzOlwvXC9hdXRobjEucWEuenBhdGgubmV0IiwidHlwZSI6IkNMSUVOVF9DUkVERU5USUFMUyIsImV4cCI6MTcxNzE5NzY2NSwiaWF0IjoxNzE3MTk0MDY1LCJqdGkiOiJ3MnRiemszemVtbjNpbmZ0YzFrc2VlNHEifQ.MPvBwETY-YdbM5kTXmVs-ZXu5t6Ngy3GGKiNmO3dIIIT3w2I1X_zmR_Cp2PGq1jsmsS4WA0fWUQ89V0yvZQ0pPM5GrHwjaSrAC64Je9CMXSEoZCHffDc9azYBiGlbWCBCYtqeLA0Gg01PhhzjqqWESEpfk0RcaFI_o5vKM__dO_mavgqL7wepLZDTnwt-13wocS8MbWCfN4kzqO5ZSlid93SMI0zVmNr-lluuse6okP_6Q_aDI87Fu-5D9Z70PxEKYPqWD9m9DWXNtpWFeNXCFg7_cGyXgo2maSp_BdGQcgIpHfa44cx7DMf334P7Jy2wh431e1-A7VRJ3OxnFkEFQ
Content-Type: application/json
Accept-Encoding: gzip

{"id":"144124980601444168","name":"tests-omgaeipkzu","description":"tests-lcammbqpec","enabled":true,"criteriaAttribute":"AuthDomain","criteriaAttributeValues":["144124980601290752.zpa-customer.com"],"operator":"OR","creationTime":"1717194065","modifiedBy":"144124980601326259","modifiedTime":"1717194065","user":{"id":"144124980601444169","deliveryTag":"0","displayName":"Zscaler Private Access Scope Administrator","email":"mtAdmin_144124980601444168@144124980601290752.zpa-customer.com","forcePwdChange":true,"password":"\u003c#!I4X*U","pinSession":true,"roleId":"12","microtenantId":"144124980601444168","syncVersion":"0","username":"mtadmin_144124980601444168@144124980601290752.zpa-customer.com"}}

---------------------------------------------------------
zpa-logger: 2024/05/31 15:21:05 logger.go:36: [DEBUG] PUT https://config.qa.zpath.net/mgmtconfig/v1/admin/customers/144124980601290752/microtenants/144124980601444168
zpa-logger: 2024/05/31 15:21:05 logger.go:36: [DEBUG] Response "PUT https://config.qa.zpath.net/mgmtconfig/v1/admin/customers/144124980601290752/microtenants/144124980601444168" details:
---[ ZSCALER SDK RESPONSE | ID:9f137564-bdc8-4fcf-b321-043f6c3810ca | Duration:94.341375ms ]--------------------------------
HTTP/2.0 204 No Content
Content-Length: 0
Cache-Control: no-store
Content-Security-Policy: default-src 'none'; upgrade-insecure-requests
Date: Fri, 31 May 2024 22:21:05 GMT
Expires: Thu, 01 Jan 1970 00:00:00 GMT
Pragma: no-cache
Referrer-Policy: strict-origin-when-cross-origin
Set-Cookie: AWSALB=W8HWgCL6JKv8cxIyZDBZRaiPKQ55hZxYE8koEzd/wBAxDaKR3dXLfiVUjBZsypb52PULx92apl37pO8PHZvEqKLLwcM5DZAxkvO2x7JWroGQ3eUN21bmmdm2raIN; Expires=Fri, 07 Jun 2024 22:21:05 GMT; Path=/
Set-Cookie: AWSALBCORS=W8HWgCL6JKv8cxIyZDBZRaiPKQ55hZxYE8koEzd/wBAxDaKR3dXLfiVUjBZsypb52PULx92apl37pO8PHZvEqKLLwcM5DZAxkvO2x7JWroGQ3eUN21bmmdm2raIN; Expires=Fri, 07 Jun 2024 22:21:05 GMT; Path=/; SameSite=None; Secure
Set-Cookie: AWSALB=YJA9UrWEobFmkuGQ9nA3Ig9DGvgvIH8L3mqB7OVJLSaKp/ElrP2gq1e9hg12F2CD/VpATT9Xk4R9dvGeMjg/gmG0X4aNoh4UGd6+Kju+8Lq/8LdINAWjn3kYrO8x; Expires=Fri, 07 Jun 2024 22:21:05 GMT; Path=/, AWSALBCORS=YJA9UrWEobFmkuGQ9nA3Ig9DGvgvIH8L3mqB7OVJLSaKp/ElrP2gq1e9hg12F2CD/VpATT9Xk4R9dvGeMjg/gmG0X4aNoh4UGd6+Kju+8Lq/8LdINAWjn3kYrO8x; Expires=Fri, 07 Jun 2024 22:21:05 GMT; Path=/; SameSite=None; Secure, JSESSIONIDCORS=node01wmqk31qnlah6gszxkwf0tcj224041.node0; Path=/; Secure; HttpOnly; SameSite=Lax
Strict-Transport-Security: max-age=63072000; includeSubDomains; preload
Vary: Origin
Vary: Access-Control-Request-Method
Vary: Access-Control-Request-Headers
X-Content-Type-Options: nosniff
X-Frame-Options: DENY
X-Xss-Protection: 0


-------------------------------------------------------
zpa-logger: 2024/05/31 15:21:05 logger.go:36: [DEBUG] Request "GET https://config.qa.zpath.net/mgmtconfig/v1/admin/customers/144124980601290752/microtenants?page=1&pagesize=500&search=tests-omgaeipkzu" details:
---[ ZSCALER SDK REQUEST | ID:629c59c5-a86a-4b09-a653-421e049b20d8 ]-------------------------------
GET /mgmtconfig/v1/admin/customers/144124980601290752/microtenants?page=1&pagesize=500&search=tests-omgaeipkzu HTTP/1.1
Host: config.qa.zpath.net
User-Agent: zscaler-sdk-go
Authorization: Bearer eyJraWQiOiIybzhxRXNrUzB4MkZndUs3U0tIN1gyYV9uWGtub1ZCNEpGdFdNQjZ1ZFlJIiwiYWxnIjoiUlMyNTYifQ.eyJzdWIiOiJNVFEwTVRJME9UZ3dOakF4TXpJMk1qVTVMVFkwWkdaaU1XWmhMVGxrTW1JdE5EVTRZeTA0Tm1FMUxXRXpZamRtWkdJM05qTmhNdz09IiwiYXVkIjoiaHR0cHM6XC9cL2F1dGh6MS5xYS56cGF0aC5uZXQiLCJyZXN0cmljdGVkUm9sZSI6ZmFsc2UsInJvbGVJZCI6MjgsImN1c3RJZCI6IjE0NDEyNDk4MDYwMTI5MDc1MiIsImlzcyI6Imh0dHBzOlwvXC9hdXRobjEucWEuenBhdGgubmV0IiwidHlwZSI6IkNMSUVOVF9DUkVERU5USUFMUyIsImV4cCI6MTcxNzE5NzY2NSwiaWF0IjoxNzE3MTk0MDY1LCJqdGkiOiJ3MnRiemszemVtbjNpbmZ0YzFrc2VlNHEifQ.MPvBwETY-YdbM5kTXmVs-ZXu5t6Ngy3GGKiNmO3dIIIT3w2I1X_zmR_Cp2PGq1jsmsS4WA0fWUQ89V0yvZQ0pPM5GrHwjaSrAC64Je9CMXSEoZCHffDc9azYBiGlbWCBCYtqeLA0Gg01PhhzjqqWESEpfk0RcaFI_o5vKM__dO_mavgqL7wepLZDTnwt-13wocS8MbWCfN4kzqO5ZSlid93SMI0zVmNr-lluuse6okP_6Q_aDI87Fu-5D9Z70PxEKYPqWD9m9DWXNtpWFeNXCFg7_cGyXgo2maSp_BdGQcgIpHfa44cx7DMf334P7Jy2wh431e1-A7VRJ3OxnFkEFQ
Content-Type: application/json
Accept-Encoding: gzip


---------------------------------------------------------
zpa-logger: 2024/05/31 15:21:05 logger.go:36: [DEBUG] GET https://config.qa.zpath.net/mgmtconfig/v1/admin/customers/144124980601290752/microtenants?page=1&pagesize=500&search=tests-omgaeipkzu
zpa-logger: 2024/05/31 15:21:05 logger.go:36: [DEBUG] Response "GET https://config.qa.zpath.net/mgmtconfig/v1/admin/customers/144124980601290752/microtenants?page=1&pagesize=500&search=tests-omgaeipkzu" details:
---[ ZSCALER SDK RESPONSE | ID:629c59c5-a86a-4b09-a653-421e049b20d8 | Duration:131.729291ms ]--------------------------------
HTTP/2.0 200 OK
Connection: close
Cache-Control: no-store
Content-Security-Policy: default-src 'none'; upgrade-insecure-requests
Content-Type: application/json;charset=utf-8
Date: Fri, 31 May 2024 22:21:05 GMT
Expires: Thu, 01 Jan 1970 00:00:00 GMT
Pragma: no-cache
Referrer-Policy: strict-origin-when-cross-origin
Set-Cookie: AWSALB=aBPK4ga5secYSEUJcT3PC6MFldjs5FmcdvBl+pboaUaYQivdcnwEwVqciiq3ydBaRycLLlygrzFk0H3rQHn8Tsb37oZSbldzLDnYc85kRxOYo6VsEbFrcxTfDsQE; Expires=Fri, 07 Jun 2024 22:21:05 GMT; Path=/
Set-Cookie: AWSALBCORS=aBPK4ga5secYSEUJcT3PC6MFldjs5FmcdvBl+pboaUaYQivdcnwEwVqciiq3ydBaRycLLlygrzFk0H3rQHn8Tsb37oZSbldzLDnYc85kRxOYo6VsEbFrcxTfDsQE; Expires=Fri, 07 Jun 2024 22:21:05 GMT; Path=/; SameSite=None; Secure
Set-Cookie: AWSALB=TiEDG/lm4stetTsAz1gDzitHQeaRIlboNyoFQ6FBW472k96+qqMI8XCvK7elc1xseV269+RJ2Lm4/lWE/si4tTyg4vP4e5qPzCYvzxObsGd2xO6udXNYGq2WBWk+; Expires=Fri, 07 Jun 2024 22:21:05 GMT; Path=/, AWSALBCORS=TiEDG/lm4stetTsAz1gDzitHQeaRIlboNyoFQ6FBW472k96+qqMI8XCvK7elc1xseV269+RJ2Lm4/lWE/si4tTyg4vP4e5qPzCYvzxObsGd2xO6udXNYGq2WBWk+; Expires=Fri, 07 Jun 2024 22:21:05 GMT; Path=/; SameSite=None; Secure, JSESSIONIDCORS=node038suenx3t7h8f9ajjxgb3n4f24042.node0; Path=/; Secure; HttpOnly; SameSite=Lax
Strict-Transport-Security: max-age=63072000; includeSubDomains; preload
Vary: Origin
Vary: Access-Control-Request-Method
Vary: Access-Control-Request-Headers
X-Content-Type-Options: nosniff
X-Frame-Options: DENY
X-Xss-Protection: 0

{"totalPages":"1","totalCount":"0","list":[{"id":"144124980601444168","modifiedTime":"1717194065","creationTime":"1717194065","modifiedBy":"144124980601326259","name":"tests-omgaeipkzu","description":"tests-lcammbqpec","enabled":true,"operator":"OR","criteriaAttribute":"AuthDomain","criteriaAttributeValues":["144124980601290752.zpa-customer.com"]},{"id":"0","name":"Default","description":"This is the default Microtenant for users not associated to any Microtenant","enabled":true,"operator":"OR","privilegedApprovalsEnabled":true}]}
-------------------------------------------------------
zpa-logger: 2024/05/31 15:21:05 logger.go:36: [DEBUG] Request "GET https://config.qa.zpath.net/mgmtconfig/v1/admin/customers/144124980601290752/microtenants?page=1&pagesize=500" details:
---[ ZSCALER SDK REQUEST | ID:e7cd4ec7-599a-4ce7-adcb-5ca4bc9dfeb3 ]-------------------------------
GET /mgmtconfig/v1/admin/customers/144124980601290752/microtenants?page=1&pagesize=500 HTTP/1.1
Host: config.qa.zpath.net
User-Agent: zscaler-sdk-go
Authorization: Bearer eyJraWQiOiIybzhxRXNrUzB4MkZndUs3U0tIN1gyYV9uWGtub1ZCNEpGdFdNQjZ1ZFlJIiwiYWxnIjoiUlMyNTYifQ.eyJzdWIiOiJNVFEwTVRJME9UZ3dOakF4TXpJMk1qVTVMVFkwWkdaaU1XWmhMVGxrTW1JdE5EVTRZeTA0Tm1FMUxXRXpZamRtWkdJM05qTmhNdz09IiwiYXVkIjoiaHR0cHM6XC9cL2F1dGh6MS5xYS56cGF0aC5uZXQiLCJyZXN0cmljdGVkUm9sZSI6ZmFsc2UsInJvbGVJZCI6MjgsImN1c3RJZCI6IjE0NDEyNDk4MDYwMTI5MDc1MiIsImlzcyI6Imh0dHBzOlwvXC9hdXRobjEucWEuenBhdGgubmV0IiwidHlwZSI6IkNMSUVOVF9DUkVERU5USUFMUyIsImV4cCI6MTcxNzE5NzY2NSwiaWF0IjoxNzE3MTk0MDY1LCJqdGkiOiJ3MnRiemszemVtbjNpbmZ0YzFrc2VlNHEifQ.MPvBwETY-YdbM5kTXmVs-ZXu5t6Ngy3GGKiNmO3dIIIT3w2I1X_zmR_Cp2PGq1jsmsS4WA0fWUQ89V0yvZQ0pPM5GrHwjaSrAC64Je9CMXSEoZCHffDc9azYBiGlbWCBCYtqeLA0Gg01PhhzjqqWESEpfk0RcaFI_o5vKM__dO_mavgqL7wepLZDTnwt-13wocS8MbWCfN4kzqO5ZSlid93SMI0zVmNr-lluuse6okP_6Q_aDI87Fu-5D9Z70PxEKYPqWD9m9DWXNtpWFeNXCFg7_cGyXgo2maSp_BdGQcgIpHfa44cx7DMf334P7Jy2wh431e1-A7VRJ3OxnFkEFQ
Content-Type: application/json
Accept-Encoding: gzip


---------------------------------------------------------
zpa-logger: 2024/05/31 15:21:05 logger.go:36: [DEBUG] GET https://config.qa.zpath.net/mgmtconfig/v1/admin/customers/144124980601290752/microtenants?page=1&pagesize=500
zpa-logger: 2024/05/31 15:21:05 logger.go:36: [DEBUG] Response "GET https://config.qa.zpath.net/mgmtconfig/v1/admin/customers/144124980601290752/microtenants?page=1&pagesize=500" details:
---[ ZSCALER SDK RESPONSE | ID:e7cd4ec7-599a-4ce7-adcb-5ca4bc9dfeb3 | Duration:93.953292ms ]--------------------------------
HTTP/2.0 200 OK
Connection: close
Cache-Control: no-store
Content-Security-Policy: default-src 'none'; upgrade-insecure-requests
Content-Type: application/json;charset=utf-8
Date: Fri, 31 May 2024 22:21:05 GMT
Expires: Thu, 01 Jan 1970 00:00:00 GMT
Pragma: no-cache
Referrer-Policy: strict-origin-when-cross-origin
Set-Cookie: AWSALB=cKyz6vGQo0TqGqlr8iZk/g4m1En+ObwdA5xYkd9VTK30nz6Co7aWPm/g/xzBnDOO2GO/6HvEjFRNoCaoi7utZ5PwyxRfjy+rwMTHZV8gkNiXNVOyjtT4s/05zapD; Expires=Fri, 07 Jun 2024 22:21:05 GMT; Path=/
Set-Cookie: AWSALBCORS=cKyz6vGQo0TqGqlr8iZk/g4m1En+ObwdA5xYkd9VTK30nz6Co7aWPm/g/xzBnDOO2GO/6HvEjFRNoCaoi7utZ5PwyxRfjy+rwMTHZV8gkNiXNVOyjtT4s/05zapD; Expires=Fri, 07 Jun 2024 22:21:05 GMT; Path=/; SameSite=None; Secure
Set-Cookie: AWSALB=5bmKRQyBrTUkoXld97XccfyuHaCFT5ENRdiOCx1k+cl5OWoku933QwaMmp2SKS6R5ZLPFjTIOnL/MBsDBPaTb3GwPSgLuGRESZ+FWhRNi+3pt3I5Av5fklbthIrt; Expires=Fri, 07 Jun 2024 22:21:05 GMT; Path=/, AWSALBCORS=5bmKRQyBrTUkoXld97XccfyuHaCFT5ENRdiOCx1k+cl5OWoku933QwaMmp2SKS6R5ZLPFjTIOnL/MBsDBPaTb3GwPSgLuGRESZ+FWhRNi+3pt3I5Av5fklbthIrt; Expires=Fri, 07 Jun 2024 22:21:05 GMT; Path=/; SameSite=None; Secure, JSESSIONIDCORS=node01le10rcfstxey1tuld9hzeiy8z24043.node0; Path=/; Secure; HttpOnly; SameSite=Lax
Strict-Transport-Security: max-age=63072000; includeSubDomains; preload
Vary: Origin
Vary: Access-Control-Request-Method
Vary: Access-Control-Request-Headers
X-Content-Type-Options: nosniff
X-Frame-Options: DENY
X-Xss-Protection: 0

{"totalPages":"1","totalCount":"0","list":[{"id":"144124980601444168","modifiedTime":"1717194065","creationTime":"1717194065","modifiedBy":"144124980601326259","name":"tests-omgaeipkzu","description":"tests-lcammbqpec","enabled":true,"operator":"OR","criteriaAttribute":"AuthDomain","criteriaAttributeValues":["144124980601290752.zpa-customer.com"]},{"id":"0","name":"Default","description":"This is the default Microtenant for users not associated to any Microtenant","enabled":true,"operator":"OR","privilegedApprovalsEnabled":true}]}
-------------------------------------------------------
zpa-logger: 2024/05/31 15:21:05 logger.go:36: [DEBUG] Request "DELETE https://config.qa.zpath.net/mgmtconfig/v1/admin/customers/144124980601290752/microtenants/144124980601444168" details:
---[ ZSCALER SDK REQUEST | ID:ed379602-504a-4b67-9abc-4c8601ec43df ]-------------------------------
DELETE /mgmtconfig/v1/admin/customers/144124980601290752/microtenants/144124980601444168 HTTP/1.1
Host: config.qa.zpath.net
User-Agent: zscaler-sdk-go
Authorization: Bearer eyJraWQiOiIybzhxRXNrUzB4MkZndUs3U0tIN1gyYV9uWGtub1ZCNEpGdFdNQjZ1ZFlJIiwiYWxnIjoiUlMyNTYifQ.eyJzdWIiOiJNVFEwTVRJME9UZ3dOakF4TXpJMk1qVTVMVFkwWkdaaU1XWmhMVGxrTW1JdE5EVTRZeTA0Tm1FMUxXRXpZamRtWkdJM05qTmhNdz09IiwiYXVkIjoiaHR0cHM6XC9cL2F1dGh6MS5xYS56cGF0aC5uZXQiLCJyZXN0cmljdGVkUm9sZSI6ZmFsc2UsInJvbGVJZCI6MjgsImN1c3RJZCI6IjE0NDEyNDk4MDYwMTI5MDc1MiIsImlzcyI6Imh0dHBzOlwvXC9hdXRobjEucWEuenBhdGgubmV0IiwidHlwZSI6IkNMSUVOVF9DUkVERU5USUFMUyIsImV4cCI6MTcxNzE5NzY2NSwiaWF0IjoxNzE3MTk0MDY1LCJqdGkiOiJ3MnRiemszemVtbjNpbmZ0YzFrc2VlNHEifQ.MPvBwETY-YdbM5kTXmVs-ZXu5t6Ngy3GGKiNmO3dIIIT3w2I1X_zmR_Cp2PGq1jsmsS4WA0fWUQ89V0yvZQ0pPM5GrHwjaSrAC64Je9CMXSEoZCHffDc9azYBiGlbWCBCYtqeLA0Gg01PhhzjqqWESEpfk0RcaFI_o5vKM__dO_mavgqL7wepLZDTnwt-13wocS8MbWCfN4kzqO5ZSlid93SMI0zVmNr-lluuse6okP_6Q_aDI87Fu-5D9Z70PxEKYPqWD9m9DWXNtpWFeNXCFg7_cGyXgo2maSp_BdGQcgIpHfa44cx7DMf334P7Jy2wh431e1-A7VRJ3OxnFkEFQ
Content-Type: application/json
Accept-Encoding: gzip


---------------------------------------------------------
zpa-logger: 2024/05/31 15:21:05 logger.go:36: [DEBUG] DELETE https://config.qa.zpath.net/mgmtconfig/v1/admin/customers/144124980601290752/microtenants/144124980601444168
zpa-logger: 2024/05/31 15:21:05 logger.go:36: [DEBUG] Response "DELETE https://config.qa.zpath.net/mgmtconfig/v1/admin/customers/144124980601290752/microtenants/144124980601444168" details:
---[ ZSCALER SDK RESPONSE | ID:ed379602-504a-4b67-9abc-4c8601ec43df | Duration:138.616917ms ]--------------------------------
HTTP/2.0 204 No Content
Cache-Control: no-store
Content-Security-Policy: default-src 'none'; upgrade-insecure-requests
Date: Fri, 31 May 2024 22:21:05 GMT
Expires: Thu, 01 Jan 1970 00:00:00 GMT
Pragma: no-cache
Referrer-Policy: strict-origin-when-cross-origin
Set-Cookie: AWSALB=yhBaWFloKuZlWPj9LOvLTu5aLcr1gou0qrVjshKcDH8GL3l+7LbYuVT5s78B5OcX3qO2eTuMureWH+zUAlaPVUZkHMIYXQRc5Nu8QaOmwomeYvov+P8Clu3gPHFU; Expires=Fri, 07 Jun 2024 22:21:05 GMT; Path=/
Set-Cookie: AWSALBCORS=yhBaWFloKuZlWPj9LOvLTu5aLcr1gou0qrVjshKcDH8GL3l+7LbYuVT5s78B5OcX3qO2eTuMureWH+zUAlaPVUZkHMIYXQRc5Nu8QaOmwomeYvov+P8Clu3gPHFU; Expires=Fri, 07 Jun 2024 22:21:05 GMT; Path=/; SameSite=None; Secure
Set-Cookie: AWSALB=4Zo5dJ1v1AoznWJ/PXYVS1Ksy6Fts5chTwDegbI8Tzg823ZRvP4YkxdA6qgyEFoH4sAVjmh42kb/Ewv+3HrvifQXLjaP0LQ/7HDRiCUnFu5167we7R7GyTMULL5X; Expires=Fri, 07 Jun 2024 22:21:05 GMT; Path=/, AWSALBCORS=4Zo5dJ1v1AoznWJ/PXYVS1Ksy6Fts5chTwDegbI8Tzg823ZRvP4YkxdA6qgyEFoH4sAVjmh42kb/Ewv+3HrvifQXLjaP0LQ/7HDRiCUnFu5167we7R7GyTMULL5X; Expires=Fri, 07 Jun 2024 22:21:05 GMT; Path=/; SameSite=None; Secure, JSESSIONIDCORS=node0ls9eeo6ubc0v1i2un67lcfuum24044.node0; Path=/; Secure; HttpOnly; SameSite=Lax
Strict-Transport-Security: max-age=63072000; includeSubDomains; preload
Vary: Origin
Vary: Access-Control-Request-Method
Vary: Access-Control-Request-Headers
X-Content-Type-Options: nosniff
X-Frame-Options: DENY
X-Xss-Protection: 0


-------------------------------------------------------
PASS
ok  	github.com/zscaler/zscaler-sdk-go/v2/zpa/services/microtenants	1.386s
